<?xml version="1.0" encoding="UTF-8"?>
<!-- Generated by org.testng.reporters.JUnitReportReporter -->
<testsuite skipped="0" hostname="LAPTOP-PATGFM90" name="com.testcases.Regressiontest" tests="16" failures="0" timestamp="24 May 2020 08:06:44 GMT" time="45.057" errors="0">
  <testcase name="TC_001" time="4.251" classname="com.testcases.Regressiontest"/>
  <testcase name="TC_002" time="4.376" classname="com.testcases.Regressiontest"/>
  <testcase name="TC_003" time="0.028" classname="com.testcases.Regressiontest"/>
  <testcase name="TC_004" time="1.206" classname="com.testcases.Regressiontest"/>
  <testcase name="TC_005" time="2.405" classname="com.testcases.Regressiontest"/>
  <testcase name="TC_006" time="0.966" classname="com.testcases.Regressiontest"/>
  <testcase name="TC_007" time="0.073" classname="com.testcases.Regressiontest"/>
  <testcase name="TC_008" time="0.771" classname="com.testcases.Regressiontest"/>
  <testcase name="TC_010" time="0.891" classname="com.testcases.Regressiontest"/>
  <testcase name="TC_011" time="0.755" classname="com.testcases.Regressiontest"/>
  <testcase name="TC_012" time="3.377" classname="com.testcases.Regressiontest"/>
  <testcase name="TC_013" time="2.753" classname="com.testcases.Regressiontest"/>
  <testcase name="TC_014" time="14.985" classname="com.testcases.Regressiontest"/>
  <testcase name="TC_015" time="3.441" classname="com.testcases.Regressiontest"/>
  <testcase name="TC_017" time="4.167" classname="com.testcases.Regressiontest"/>
  <testcase name="TC_018" time="0.612" classname="com.testcases.Regressiontest"/>
</testsuite> <!-- com.testcases.Regressiontest -->
