<?xml version="1.0" encoding="UTF-8"?>
<!-- Generated by org.testng.reporters.JUnitReportReporter -->
<testsuite skipped="0" hostname="LAPTOP-PATGFM90" name="com.testcases.ExtentReportDemo" tests="1" failures="0" timestamp="19 Apr 2020 13:37:35 GMT" time="0.489" errors="0">
  <testcase name="loginTest" time="0.489" classname="com.testcases.ExtentReportDemo"/>
</testsuite> <!-- com.testcases.ExtentReportDemo -->
