<?xml version="1.0" encoding="UTF-8"?>
<!-- Generated by org.testng.reporters.JUnitReportReporter -->
<testsuite skipped="0" hostname="LAPTOP-PATGFM90" name="com.keywords.utilties.Readxlsxfile" tests="3" failures="0" timestamp="08 May 2020 11:30:39 GMT" time="0.008" errors="0">
  <testcase name="verifyLogin" time="0.006" classname="com.keywords.utilties.Readxlsxfile"/>
  <testcase name="verifyLogin" time="0.001" classname="com.keywords.utilties.Readxlsxfile"/>
  <testcase name="verifyLogin" time="0.001" classname="com.keywords.utilties.Readxlsxfile"/>
</testsuite> <!-- com.keywords.utilties.Readxlsxfile -->
